Using pre-set license
Built from '2021.3/staging' branch; Version is '2021.3.9f1 (ad3870b89536) revision 11352176'; Using compiler version '192829333'; Build Type 'Release'
OS: 'Windows 10  (10.0.19045) 64bit Core' Language: 'en' Physical Memory: 16219 MB
BatchMode: 1, IsHumanControllingUs: 0, StartBugReporterOnCrash: 0, Is64bit: 1, IsPro: 1

COMMAND LINE ARGUMENTS:
C:\Program Files\Unity\Hub\Editor\2021.3.9f1\Editor\Unity.exe
-adb2
-batchMode
-noUpm
-name
AssetImportWorker5
-projectPath
C:/Users/samle/source/repos/Christmas Countdown/Christmas Countdown
-logFile
Logs/AssetImportWorker5.log
-srvPort
49356
Successfully changed project path to: C:/Users/samle/source/repos/Christmas Countdown/Christmas Countdown
C:/Users/samle/source/repos/Christmas Countdown/Christmas Countdown
[UnityMemory] Configuration Parameters - Can be set up in boot.config
    "memorysetup-bucket-allocator-granularity=16"
    "memorysetup-bucket-allocator-bucket-count=8"
    "memorysetup-bucket-allocator-block-size=33554432"
    "memorysetup-bucket-allocator-block-count=8"
    "memorysetup-main-allocator-block-size=16777216"
    "memorysetup-thread-allocator-block-size=16777216"
    "memorysetup-gfx-main-allocator-block-size=16777216"
    "memorysetup-gfx-thread-allocator-block-size=16777216"
    "memorysetup-cache-allocator-block-size=4194304"
    "memorysetup-typetree-allocator-block-size=2097152"
    "memorysetup-profiler-bucket-allocator-granularity=16"
    "memorysetup-profiler-bucket-allocator-bucket-count=8"
    "memorysetup-profiler-bucket-allocator-block-size=33554432"
    "memorysetup-profiler-bucket-allocator-block-count=8"
    "memorysetup-profiler-allocator-block-size=16777216"
    "memorysetup-profiler-editor-allocator-block-size=1048576"
    "memorysetup-temp-allocator-size-main=16777216"
    "memorysetup-job-temp-allocator-block-size=2097152"
    "memorysetup-job-temp-allocator-block-size-background=1048576"
    "memorysetup-job-temp-allocator-reduction-small-platforms=262144"
    "memorysetup-temp-allocator-size-background-worker=32768"
    "memorysetup-temp-allocator-size-job-worker=262144"
    "memorysetup-temp-allocator-size-preload-manager=33554432"
    "memorysetup-temp-allocator-size-nav-mesh-worker=65536"
    "memorysetup-temp-allocator-size-audio-worker=65536"
    "memorysetup-temp-allocator-size-cloud-worker=32768"
    "memorysetup-temp-allocator-size-gi-baking-worker=262144"
    "memorysetup-temp-allocator-size-gfx=262144"
Refreshing native plugins compatible for Editor in 108.77 ms, found 3 plugins.
Preloading 0 native plugins for Editor in 0.00 ms.
Initialize engine version: 2021.3.9f1 (ad3870b89536)
[Subsystems] Discovering subsystems at path C:/Program Files/Unity/Hub/Editor/2021.3.9f1/Editor/Data/Resources/UnitySubsystems
[Subsystems] Discovering subsystems at path C:/Users/samle/source/repos/Christmas Countdown/Christmas Countdown/Assets
GfxDevice: creating device client; threaded=0; jobified=0
Direct3D:
    Version:  Direct3D 11.0 [level 11.1]
    Renderer: NVIDIA GeForce GTX 1650 Ti (ID=0x1f95)
    Vendor:   NVIDIA
    VRAM:     3962 MB
    Driver:   30.0.15.1278
Initialize mono
Mono path[0] = 'C:/Program Files/Unity/Hub/Editor/2021.3.9f1/Editor/Data/Managed'
Mono path[1] = 'C:/Program Files/Unity/Hub/Editor/2021.3.9f1/Editor/Data/MonoBleedingEdge/lib/mono/unityjit-win32'
Mono config path = 'C:/Program Files/Unity/Hub/Editor/2021.3.9f1/Editor/Data/MonoBleedingEdge/etc'
Using monoOptions --debugger-agent=transport=dt_socket,embedding=1,server=y,suspend=n,address=127.0.0.1:56156
Begin MonoManager ReloadAssembly
Registering precompiled unity dll's ...
Register platform support module: C:/Program Files/Unity/Hub/Editor/2021.3.9f1/Editor/Data/PlaybackEngines/WebGLSupport/UnityEditor.WebGL.Extensions.dll
Register platform support module: C:/Program Files/Unity/Hub/Editor/2021.3.9f1/Editor/Data/PlaybackEngines/WindowsStandaloneSupport/UnityEditor.WindowsStandalone.Extensions.dll
Registered in 0.008501 seconds.
Native extension for WindowsStandalone target not found
Native extension for WebGL target not found
Refreshing native plugins compatible for Editor in 80.14 ms, found 3 plugins.
Preloading 0 native plugins for Editor in 0.00 ms.
Mono: successfully reloaded assembly
- Completed reload, in  0.628 seconds
Domain Reload Profiling:
	ReloadAssembly (628ms)
		BeginReloadAssembly (80ms)
			ExecutionOrderSort (0ms)
			DisableScriptedObjects (0ms)
			BackupInstance (0ms)
			ReleaseScriptingObjects (0ms)
			CreateAndSetChildDomain (1ms)
		EndReloadAssembly (441ms)
			LoadAssemblies (78ms)
			RebuildTransferFunctionScriptingTraits (0ms)
			SetupTypeCache (99ms)
			ReleaseScriptCaches (0ms)
			RebuildScriptCaches (29ms)
			SetupLoadedEditorAssemblies (263ms)
				LogAssemblyErrors (0ms)
				InitializePlatformSupportModulesInManaged (9ms)
				SetLoadedEditorAssemblies (0ms)
				RefreshPlugins (80ms)
				BeforeProcessingInitializeOnLoad (1ms)
				ProcessInitializeOnLoadAttributes (129ms)
				ProcessInitializeOnLoadMethodAttributes (42ms)
				AfterProcessingInitializeOnLoad (0ms)
				EditorAssembliesLoaded (0ms)
			ExecutionOrderSort2 (0ms)
			AwakeInstancesAfterBackupRestoration (0ms)
Platform modules already initialized, skipping
Registering precompiled user dll's ...
Registered in 0.006093 seconds.
Begin MonoManager ReloadAssembly
Symbol file LoadedFromMemory doesn't match image C:\Users\samle\source\repos\Christmas Countdown\Christmas Countdown\Library\PackageCache\com.unity.visualscripting@1.7.8\Editor\VisualScripting.Core\Dependencies\YamlDotNet\Unity.VisualScripting.YamlDotNet.dll
Symbol file LoadedFromMemory doesn't match image C:\Users\samle\source\repos\Christmas Countdown\Christmas Countdown\Library\PackageCache\com.unity.visualscripting@1.7.8\Editor\VisualScripting.Core\Dependencies\DotNetZip\Unity.VisualScripting.IonicZip.dll
Native extension for WindowsStandalone target not found
Native extension for WebGL target not found
Refreshing native plugins compatible for Editor in 0.62 ms, found 3 plugins.
Preloading 0 native plugins for Editor in 0.00 ms.
Mono: successfully reloaded assembly
- Completed reload, in  1.071 seconds
Domain Reload Profiling:
	ReloadAssembly (1071ms)
		BeginReloadAssembly (110ms)
			ExecutionOrderSort (0ms)
			DisableScriptedObjects (6ms)
			BackupInstance (0ms)
			ReleaseScriptingObjects (0ms)
			CreateAndSetChildDomain (19ms)
		EndReloadAssembly (853ms)
			LoadAssemblies (80ms)
			RebuildTransferFunctionScriptingTraits (0ms)
			SetupTypeCache (256ms)
			ReleaseScriptCaches (1ms)
			RebuildScriptCaches (58ms)
			SetupLoadedEditorAssemblies (419ms)
				LogAssemblyErrors (0ms)
				InitializePlatformSupportModulesInManaged (7ms)
				SetLoadedEditorAssemblies (0ms)
				RefreshPlugins (1ms)
				BeforeProcessingInitializeOnLoad (110ms)
				ProcessInitializeOnLoadAttributes (265ms)
				ProcessInitializeOnLoadMethodAttributes (27ms)
				AfterProcessingInitializeOnLoad (9ms)
				EditorAssembliesLoaded (0ms)
			ExecutionOrderSort2 (0ms)
			AwakeInstancesAfterBackupRestoration (6ms)
Platform modules already initialized, skipping
========================================================================
Worker process is ready to serve import requests
Launched and connected shader compiler UnityShaderCompiler.exe after 0.03 seconds
Refreshing native plugins compatible for Editor in 0.63 ms, found 3 plugins.
Preloading 0 native plugins for Editor in 0.00 ms.
Unloading 3542 Unused Serialized files (Serialized files now loaded: 0)
Unloading 38 unused Assets / (128.5 KB). Loaded Objects now: 4006.
Memory consumption went from 126.0 MB to 125.9 MB.
Total: 3.207700 ms (FindLiveObjects: 0.281500 ms CreateObjectMapping: 0.358400 ms MarkObjects: 2.433500 ms  DeleteObjects: 0.133700 ms)

AssetImportParameters requested are different than current active one (requested -> active):
  custom:video-decoder-ogg-theora: a1e56fd34408186e4bbccfd4996cb3dc -> 
  custom:container-muxer-webm: aa71ff27fc2769a1b78a27578f13a17b -> 
  custom:container-demuxer-webm: 4f35f7cbe854078d1ac9338744f61a02 -> 
  custom:video-encoder-webm-vp8: eb34c28f22e8b96e1ab97ce403110664 -> 
  custom:audio-encoder-webm-vorbis: bf7c407c2cedff20999df2af8eb42d56 -> 
  custom:framework-win-MediaFoundation: 216162199b28c13a410421893ffa2e32 -> 
  custom:container-demuxer-ogg: 62fdf1f143b41e24485cea50d1cbac27 -> 
  custom:video-decoder-webm-vp8: 9c59270c3fd7afecdb556c50c9e8de78 -> 
  custom:audio-decoder-ogg-vorbis: bf7c407c2cedff20999df2af8eb42d56 -> 
========================================================================
Received Import Request.
  Time since last request: 1130139.324435 seconds.
  path: Assets/Imports/Zololgo/PaperLands Winter Village/Prefabs/Misc/fence_snowy_03.prefab
  artifactKey: Guid(57a6a5b7d274897418e1d34a9b768e19) Importer(815301076,1909f56bfc062723c751e8b465ee728b)
Start importing Assets/Imports/Zololgo/PaperLands Winter Village/Prefabs/Misc/fence_snowy_03.prefab using Guid(57a6a5b7d274897418e1d34a9b768e19) Importer(815301076,1909f56bfc062723c751e8b465ee728b)  -> (artifact id: 'a7305a0ba74b11ab4baf4bc0009b2611') in 0.132861 seconds 
========================================================================
Received Import Request.
  Time since last request: 17.916710 seconds.
  path: Assets/Imports/Zololgo/PaperLands Winter Village/Prefabs/Trees/pine_small_01.prefab
  artifactKey: Guid(6c1f57bfa0b96ec46b492924aebc0f99) Importer(815301076,1909f56bfc062723c751e8b465ee728b)
Start importing Assets/Imports/Zololgo/PaperLands Winter Village/Prefabs/Trees/pine_small_01.prefab using Guid(6c1f57bfa0b96ec46b492924aebc0f99) Importer(815301076,1909f56bfc062723c751e8b465ee728b)  -> (artifact id: '9d2d6579949a5a94a8ac9822c9ad3145') in 0.020987 seconds 
========================================================================
Received Import Request.
  Time since last request: 0.000024 seconds.
  path: Assets/Imports/Zololgo/PaperLands Winter Village/Prefabs/Trees/pine_tall_snowy_01.prefab
  artifactKey: Guid(7d88a0a8be53f244b88192f9c7ba255b) Importer(815301076,1909f56bfc062723c751e8b465ee728b)
Start importing Assets/Imports/Zololgo/PaperLands Winter Village/Prefabs/Trees/pine_tall_snowy_01.prefab using Guid(7d88a0a8be53f244b88192f9c7ba255b) Importer(815301076,1909f56bfc062723c751e8b465ee728b)  -> (artifact id: 'f807ab9d1a1c3f528f10805253e549d2') in 0.028771 seconds 
========================================================================
Received Import Request.
  Time since last request: 19.125160 seconds.
  path: Assets/Imports/Zololgo/PaperLands Winter Village/Models/cliff_02.dae
  artifactKey: Guid(94ce25a6df8d1084ebc3309332d68464) Importer(815301076,1909f56bfc062723c751e8b465ee728b)
Start importing Assets/Imports/Zololgo/PaperLands Winter Village/Models/cliff_02.dae using Guid(94ce25a6df8d1084ebc3309332d68464) Importer(815301076,1909f56bfc062723c751e8b465ee728b)  -> (artifact id: 'ad0ff4ed5982389b762f1d4e4cca4f4d') in 0.045336 seconds 
========================================================================
Received Import Request.
  Time since last request: 0.000021 seconds.
  path: Assets/Imports/Zololgo/PaperLands Winter Village/Models/ground_01.dae
  artifactKey: Guid(b53b351f2ca4151439052260103be5d6) Importer(815301076,1909f56bfc062723c751e8b465ee728b)
Start importing Assets/Imports/Zololgo/PaperLands Winter Village/Models/ground_01.dae using Guid(b53b351f2ca4151439052260103be5d6) Importer(815301076,1909f56bfc062723c751e8b465ee728b)  -> (artifact id: '9b844b647096d3f1dee80de5012e3efe') in 0.029391 seconds 
========================================================================
Received Import Request.
  Time since last request: 0.000022 seconds.
  path: Assets/Imports/Zololgo/PaperLands Winter Village/Models/firewoods_01.dae
  artifactKey: Guid(72e7e1d92e0ea894580188b70e90879c) Importer(815301076,1909f56bfc062723c751e8b465ee728b)
Start importing Assets/Imports/Zololgo/PaperLands Winter Village/Models/firewoods_01.dae using Guid(72e7e1d92e0ea894580188b70e90879c) Importer(815301076,1909f56bfc062723c751e8b465ee728b)  -> (artifact id: '5224dba46e158bdfb6290898a0758841') in 0.028636 seconds 
========================================================================
Received Import Request.
  Time since last request: 0.000058 seconds.
  path: Assets/Imports/Zololgo/PaperLands Winter Village/Models/snowman_01.dae
  artifactKey: Guid(67c0d4b701d2dfc4db4eb1f571616966) Importer(815301076,1909f56bfc062723c751e8b465ee728b)
Start importing Assets/Imports/Zololgo/PaperLands Winter Village/Models/snowman_01.dae using Guid(67c0d4b701d2dfc4db4eb1f571616966) Importer(815301076,1909f56bfc062723c751e8b465ee728b)  -> (artifact id: '708f89227c52504a83269855680ad59d') in 0.024686 seconds 
========================================================================
Received Import Request.
  Time since last request: 0.000019 seconds.
  path: Assets/Imports/Zololgo/PaperLands Winter Village/Models/house_simple_03.dae
  artifactKey: Guid(e0cb36c9d06361c46877aec0187ada0c) Importer(815301076,1909f56bfc062723c751e8b465ee728b)
Start importing Assets/Imports/Zololgo/PaperLands Winter Village/Models/house_simple_03.dae using Guid(e0cb36c9d06361c46877aec0187ada0c) Importer(815301076,1909f56bfc062723c751e8b465ee728b)  -> (artifact id: '0dd48c081696463c4eaf64c84a852c60') in 0.026255 seconds 
========================================================================
Received Import Request.
  Time since last request: 0.000088 seconds.
  path: Assets/Imports/Zololgo/PaperLands Winter Village/Models/cliff_03.dae
  artifactKey: Guid(5fe26b933e0481341bda9dc2a7e77ae3) Importer(815301076,1909f56bfc062723c751e8b465ee728b)
Start importing Assets/Imports/Zololgo/PaperLands Winter Village/Models/cliff_03.dae using Guid(5fe26b933e0481341bda9dc2a7e77ae3) Importer(815301076,1909f56bfc062723c751e8b465ee728b)  -> (artifact id: '0fb0c8eb608b62658aa39df3e1535891') in 0.022323 seconds 
========================================================================
Received Import Request.
  Time since last request: 0.000038 seconds.
  path: Assets/Imports/Zololgo/PaperLands Winter Village/Models/pine_tall_01.dae
  artifactKey: Guid(e11cdb81911d39d4db86682653fc2912) Importer(815301076,1909f56bfc062723c751e8b465ee728b)
Start importing Assets/Imports/Zololgo/PaperLands Winter Village/Models/pine_tall_01.dae using Guid(e11cdb81911d39d4db86682653fc2912) Importer(815301076,1909f56bfc062723c751e8b465ee728b)  -> (artifact id: 'e43da6ae8b20c9bcf16f36623fd8bf4d') in 0.022380 seconds 
========================================================================
Received Import Request.
  Time since last request: 0.000019 seconds.
  path: Assets/Imports/Zololgo/PaperLands Winter Village/Models/rock_group_small_03.dae
  artifactKey: Guid(c4cb5de65d58f514a8bc92aec9db558d) Importer(815301076,1909f56bfc062723c751e8b465ee728b)
Start importing Assets/Imports/Zololgo/PaperLands Winter Village/Models/rock_group_small_03.dae using Guid(c4cb5de65d58f514a8bc92aec9db558d) Importer(815301076,1909f56bfc062723c751e8b465ee728b)  -> (artifact id: 'be6ec7fde56e3a99bd2a18fac5549c25') in 0.025507 seconds 
========================================================================
Received Import Request.
  Time since last request: 0.000035 seconds.
  path: Assets/Imports/Zololgo/PaperLands Winter Village/Models/rock_group_small_02.dae
  artifactKey: Guid(81000be8b9a908743947c32092241c95) Importer(815301076,1909f56bfc062723c751e8b465ee728b)
Start importing Assets/Imports/Zololgo/PaperLands Winter Village/Models/rock_group_small_02.dae using Guid(81000be8b9a908743947c32092241c95) Importer(815301076,1909f56bfc062723c751e8b465ee728b)  -> (artifact id: '7dcf177f0cc8771170ef5ad1989f5c18') in 0.024362 seconds 
========================================================================
Received Import Request.
  Time since last request: 0.000026 seconds.
  path: Assets/Imports/Zololgo/PaperLands Winter Village/Models/pine_tall_snowy_01.dae
  artifactKey: Guid(86dc0687e554bc74dac42727eee9e33a) Importer(815301076,1909f56bfc062723c751e8b465ee728b)
Start importing Assets/Imports/Zololgo/PaperLands Winter Village/Models/pine_tall_snowy_01.dae using Guid(86dc0687e554bc74dac42727eee9e33a) Importer(815301076,1909f56bfc062723c751e8b465ee728b)  -> (artifact id: '31d09c442fc41642581c08eb09e60126') in 0.025158 seconds 
========================================================================
Received Import Request.
  Time since last request: 0.000035 seconds.
  path: Assets/Imports/Zololgo/PaperLands Winter Village/Models/rock_group_02.dae
  artifactKey: Guid(2924a7e87ea92614486b3a21d4c2e0fb) Importer(815301076,1909f56bfc062723c751e8b465ee728b)
Start importing Assets/Imports/Zololgo/PaperLands Winter Village/Models/rock_group_02.dae using Guid(2924a7e87ea92614486b3a21d4c2e0fb) Importer(815301076,1909f56bfc062723c751e8b465ee728b)  -> (artifact id: '5cf1a05c9d349c90b4c0fa59ad81208f') in 0.023293 seconds 
========================================================================
Received Import Request.
  Time since last request: 0.000025 seconds.
  path: Assets/Imports/Zololgo/PaperLands Winter Village/Models/rock_group_small_01.dae
  artifactKey: Guid(62a16b7fded7ec0418b5b10108a545f2) Importer(815301076,1909f56bfc062723c751e8b465ee728b)
Start importing Assets/Imports/Zololgo/PaperLands Winter Village/Models/rock_group_small_01.dae using Guid(62a16b7fded7ec0418b5b10108a545f2) Importer(815301076,1909f56bfc062723c751e8b465ee728b)  -> (artifact id: 'd6cb3ba1e359bf9f654cc44926c64b37') in 0.023707 seconds 
========================================================================
Received Import Request.
  Time since last request: 0.000027 seconds.
  path: Assets/Imports/Zololgo/PaperLands Winter Village/Models/pine_medium_01.dae
  artifactKey: Guid(39cc0911e071edc41b4a597c8c9cf409) Importer(815301076,1909f56bfc062723c751e8b465ee728b)
Start importing Assets/Imports/Zololgo/PaperLands Winter Village/Models/pine_medium_01.dae using Guid(39cc0911e071edc41b4a597c8c9cf409) Importer(815301076,1909f56bfc062723c751e8b465ee728b)  -> (artifact id: '44d6763195626ce7af524d84b7966a5e') in 0.025296 seconds 
========================================================================
Received Import Request.
  Time since last request: 0.000027 seconds.
  path: Assets/Imports/Zololgo/PaperLands Winter Village/Models/streetlamp_01.dae
  artifactKey: Guid(25b0281b4b5170a41a80e9e602dba67f) Importer(815301076,1909f56bfc062723c751e8b465ee728b)
Start importing Assets/Imports/Zololgo/PaperLands Winter Village/Models/streetlamp_01.dae using Guid(25b0281b4b5170a41a80e9e602dba67f) Importer(815301076,1909f56bfc062723c751e8b465ee728b)  -> (artifact id: '1604ceb49f46590fd4582b34ba064811') in 0.025440 seconds 
========================================================================
Received Prepare
Registering precompiled user dll's ...
Registered in 0.006548 seconds.
Begin MonoManager ReloadAssembly
Symbol file LoadedFromMemory doesn't match image C:\Users\samle\source\repos\Christmas Countdown\Christmas Countdown\Library\PackageCache\com.unity.visualscripting@1.7.8\Editor\VisualScripting.Core\Dependencies\YamlDotNet\Unity.VisualScripting.YamlDotNet.dll
Symbol file LoadedFromMemory doesn't match image C:\Users\samle\source\repos\Christmas Countdown\Christmas Countdown\Library\PackageCache\com.unity.visualscripting@1.7.8\Editor\VisualScripting.Core\Dependencies\DotNetZip\Unity.VisualScripting.IonicZip.dll
Native extension for WindowsStandalone target not found
Native extension for WebGL target not found
Refreshing native plugins compatible for Editor in 0.68 ms, found 3 plugins.
Preloading 0 native plugins for Editor in 0.00 ms.
Mono: successfully reloaded assembly
- Completed reload, in  1.285 seconds
Domain Reload Profiling:
	ReloadAssembly (1286ms)
		BeginReloadAssembly (151ms)
			ExecutionOrderSort (0ms)
			DisableScriptedObjects (5ms)
			BackupInstance (0ms)
			ReleaseScriptingObjects (0ms)
			CreateAndSetChildDomain (42ms)
		EndReloadAssembly (1028ms)
			LoadAssemblies (97ms)
			RebuildTransferFunctionScriptingTraits (0ms)
			SetupTypeCache (321ms)
			ReleaseScriptCaches (2ms)
			RebuildScriptCaches (53ms)
			SetupLoadedEditorAssemblies (493ms)
				LogAssemblyErrors (0ms)
				InitializePlatformSupportModulesInManaged (20ms)
				SetLoadedEditorAssemblies (0ms)
				RefreshPlugins (1ms)
				BeforeProcessingInitializeOnLoad (101ms)
				ProcessInitializeOnLoadAttributes (318ms)
				ProcessInitializeOnLoadMethodAttributes (40ms)
				AfterProcessingInitializeOnLoad (13ms)
				EditorAssembliesLoaded (0ms)
			ExecutionOrderSort2 (0ms)
			AwakeInstancesAfterBackupRestoration (9ms)
Platform modules already initialized, skipping
Refreshing native plugins compatible for Editor in 2.61 ms, found 3 plugins.
Preloading 0 native plugins for Editor in 0.00 ms.
Unloading 3533 Unused Serialized files (Serialized files now loaded: 0)
Unloading 19 unused Assets / (95.3 KB). Loaded Objects now: 4031.
Memory consumption went from 130.1 MB to 130.0 MB.
Total: 3.110700 ms (FindLiveObjects: 0.272300 ms CreateObjectMapping: 0.236600 ms MarkObjects: 2.559500 ms  DeleteObjects: 0.041300 ms)

AssetImportParameters requested are different than current active one (requested -> active):
  custom:video-decoder-ogg-theora: a1e56fd34408186e4bbccfd4996cb3dc -> 
  custom:container-muxer-webm: aa71ff27fc2769a1b78a27578f13a17b -> 
  custom:container-demuxer-webm: 4f35f7cbe854078d1ac9338744f61a02 -> 
  custom:video-encoder-webm-vp8: eb34c28f22e8b96e1ab97ce403110664 -> 
  custom:audio-encoder-webm-vorbis: bf7c407c2cedff20999df2af8eb42d56 -> 
  custom:framework-win-MediaFoundation: 216162199b28c13a410421893ffa2e32 -> 
  custom:container-demuxer-ogg: 62fdf1f143b41e24485cea50d1cbac27 -> 
  custom:video-decoder-webm-vp8: 9c59270c3fd7afecdb556c50c9e8de78 -> 
  custom:audio-decoder-ogg-vorbis: bf7c407c2cedff20999df2af8eb42d56 -> 
Editor requested this worker to shutdown with reason: Scaling down because of idle timeout
AssetImportWorkerClient::OnTransportError - code=2 error=End of file
AssetImportWorker is now disconnected from the server
Process exiting
Exiting without the bug reporter. Application will terminate with return code 0